<?xml version="1.0" encoding="UTF-8"?>
<testng-results skipped="0" failed="0" ignored="0" total="1" passed="1">
  <reporter-output>
  </reporter-output>
  <suite name="Suite" duration-ms="12779" started-at="2019-04-23T12:44:51Z" finished-at="2019-04-23T12:45:04Z">
    <groups>
    </groups>
    <test name="GeicoTest" duration-ms="12779" started-at="2019-04-23T12:44:51Z" finished-at="2019-04-23T12:45:04Z">
      <class name="com.geico.TC_Login">
        <test-method status="PASS" signature="setUp(java.lang.String)[pri:0, instance:com.geico.TC_Login@4501b7af]" name="setUp" is-config="true" duration-ms="8335" started-at="2019-04-23T12:44:51Z" finished-at="2019-04-23T12:44:59Z">
          <params>
            <param index="0">
              <value>
                <![CDATA[firefox]]>
              </value>
            </param>
          </params>
          <reporter-output>
          </reporter-output>
        </test-method> <!-- setUp -->
        <test-method status="PASS" signature="LoginTest()[pri:0, instance:com.geico.TC_Login@4501b7af]" name="LoginTest" duration-ms="3221" started-at="2019-04-23T12:44:59Z" finished-at="2019-04-23T12:45:03Z">
          <reporter-output>
          </reporter-output>
        </test-method> <!-- LoginTest -->
        <test-method status="PASS" signature="teardown()[pri:0, instance:com.geico.TC_Login@4501b7af]" name="teardown" is-config="true" duration-ms="1209" started-at="2019-04-23T12:45:03Z" finished-at="2019-04-23T12:45:04Z">
          <reporter-output>
          </reporter-output>
        </test-method> <!-- teardown -->
      </class> <!-- com.geico.TC_Login -->
    </test> <!-- GeicoTest -->
  </suite> <!-- Suite -->
</testng-results>
